Sending build context to Docker daemon  30.98MB
Step 1/24 : FROM centos:7.3.1611
 ---> 67591570dd29
Step 2/24 : RUN yum install -y deltarpm &&     yum update -y &&     yum install -y             centos-release-scl             epel-release &&     yum install -y             devtoolset-4-gcc*-5.3.1             glibc-*-2.17                 libXrender* libxcb* xcb* fontconfig* freetype* libXi* libXext* libX11* libSM* libICE* libglib* libpthread* gstreamer*                     perl-version                     libxcb libxcb-devel xcb-util xcb-util-devel xcb-util-*-devel libX11-devel libXrender-devel libXi-devel                     at-spi2-core-devel                     libdbus*                     flex bison gperf libicu-devel libxslt-devel ruby                     alsa-lib alsa-lib-devel gstreamer gstreamer-devel gstreamer-plugins-base gstreamer-plugins-base-devel                     libicu-devel             zlib-devel openssl-devel sqlite-devel bzip2-devel readline-devel tk-devel             valgrind-devel                 libxslt libxml2 libxml2-devel libxslt-devel cmake3 openssl*             qt-devel qt-webkit-devel libxml2-devel libxslt-devel rpmdevtools             Xvfb             xorg-x11-server-Xvfb             mesa-dri-drivers             libxkbcommon             libxkbcommon-devel             libxkbcommon-x11             libxkbcommon-x11-devel             curl-devel expat-devel gettext-devel openssl-devel zlib-devel             perl-ExtUtils-MakeMaker             wget
 ---> Using cache
 ---> 99be25905f52
Step 3/24 : ENV BUILD_THREADS 9
 ---> Using cache
 ---> 6bb21d893106
Step 4/24 : ENV PATH "/opt/rh/devtoolset-4/root/usr/bin:${PATH}"
 ---> Using cache
 ---> 27e8ca3311c3
Step 5/24 : WORKDIR /workdir
 ---> Using cache
 ---> 7e4aeff2c8a7
Step 6/24 : ENV GIT_VER 2.9.4
 ---> Using cache
 ---> dc691cd28bba
Step 7/24 : RUN wget https://www.kernel.org/pub/software/scm/git/git-${GIT_VER}.tar.gz &&     tar xzf git-${GIT_VER}.tar.gz &&     cd git-${GIT_VER} &&     make -j${BUILD_THREADS} prefix=/usr/local/git all &&     make prefix=/usr/local/git install &&     cd .. && rm -rf git-${GIT_VER}
 ---> Using cache
 ---> 7ef5adf3810e
Step 8/24 : ENV PATH "/usr/local/git/bin:${PATH}"
 ---> Using cache
 ---> 800e070f2ad7
Step 9/24 : ENV QT_VER 5.6.1
 ---> Using cache
 ---> 0200b2f4dcad
Step 10/24 : RUN git clone --recursive -j${BUILD_THREADS} --branch ${QT_VER} https://code.qt.io/qt/qt5.git &&     rm -rf qt5/qtbase &&     rm -rf qt5/qtx11extras &&     git clone --recursive --branch adsk-contrib/vfx/${QT_VER} https://github.com/autodesk-forks/qtbase.git qt5/qtbase &&     git clone --recursive --branch adsk-contrib/vfx/${QT_VER} https://github.com/autodesk-forks/qtx11extras.git qt5/qtx11extras &&     cd qt5 &&     ./configure -opensource -confirm-license -nomake examples -nomake tests &&     make -j${BUILD_THREADS} &&     make install &&     cd .. && rm -rf qt5
 ---> Using cache
 ---> 6f5eba0cc213
Step 11/24 : RUN git clone --recursive --branch 4.4 -j${BUILD_THREADS} https://code.qt.io/qt-creator/qt-creator.git &&     mkdir qt-creator-build &&     cd qt-creator-build &&     /usr/local/Qt-${QT_VER}/bin/qmake -r /workdir/qt-creator/qtcreator.pro &&     make -j${BUILD_THREADS} &&     make install INSTALL_ROOT=/usr/local/qtcreator &&     cd .. && rm -rf qt-creator && rm -rf qt-creator-build
 ---> Using cache
 ---> 44c8f9679d23
Step 12/24 : ENV PYTHON_VER 2.7.13
 ---> Using cache
 ---> 9d7b29388306
Step 13/24 : RUN mkdir -p /usr/local/python/lib &&     wget https://www.python.org/ftp/python/${PYTHON_VER}/Python-${PYTHON_VER}.tgz &&     tar xzf Python-${PYTHON_VER}.tgz &&     cd Python-${PYTHON_VER} &&     ./configure         --prefix=/usr/local/python         --enable-shared         --enable-unicode=ucs4         LDFLAGS="-Wl,-rpath /usr/local/python/lib"         --build=x86_64-redhat-linux-gnu         --host=x86_64-redhat-linux-gnu         --enable-ipv6         --with-dbmliborder=gdbm:ndbm:bdb         --with-system-expat         --with-system-ffi         --with-dtrace         --with-tapset-install-dir=/usr/share/systemtap/tapset         --with-valgrind         build_alias=x86_64-redhat-linux-gnu         host_alias=x86_64-redhat-linux-gnu         CC=gcc         CFLAGS="-O2 -g -pipe -Wall -Wp,-D_FORTIFY_SOURCE=2 -fexceptions -fstack-protector-strong --param=ssp-buffer-size=4 -grecord-gcc-switches   -m64 -mtune=generic -D_GNU_SOURCE -fPIC -fwrapv"         CPPFLAGS="" &&     make -j${BUILD_THREADS} &&     make altinstall &&     cd /workdir &&     wget https://bootstrap.pypa.io/get-pip.py &&     /usr/local/python/bin/python2.7 get-pip.py &&     /usr/local/python/bin/pip2.7 install -U pip &&     cd .. && rm -rf Python-${PYTHON_VER} && rm -f Python-${PYTHON_VER}.tar.xz && rm -f get-pip.py
 ---> Using cache
 ---> ba96d06dc8e0
Step 14/24 : RUN ln -s /usr/local/python/bin/python2.7 /usr/local/bin/python &&     ln -s /usr/local/python/bin/python2.7 /usr/local/bin/python2.7 &&     ln -s /usr/local/python/bin/pip2.7 /usr/local/bin/pip &&     ln -s /usr/local/python/bin/pip2.7 /usr/local/bin/pip2.7
 ---> Using cache
 ---> af3a68827a81
Step 15/24 : ENV PATH "/usr/local/bin:${PATH}"
 ---> Using cache
 ---> 8f4c044ca97a
Step 16/24 : RUN pip install -U         nose         nosepipe         six         setuptools         wheel &&     ln -s /usr/local/python/bin/nosetests /usr/local/bin/nosetests
 ---> Using cache
 ---> c5753dd2c54f
Step 17/24 : RUN git clone --recursive --jobs ${BUILD_THREADS} --branch 5.6 https://codereview.qt-project.org/pyside/pyside-setup &&     cd pyside-setup &&     sed -i.bak $'s/if(Qt5Designer_FOUND)/find_package(Qt5Designer)\\\nif(Qt5Designer_FOUND)/g' sources/pyside2/CMakeLists.txt &&     python setup.py         install             --ignore-git             --qmake=/usr/local/Qt-${QT_VER}/bin/qmake             --cmake=/usr/bin/cmake3             --openssl=/usr/bin/openssl             --jobs=${BUILD_THREADS} &&     cd .. && rm -rf pyside-setup
 ---> Using cache
 ---> 885e9b304ec6
Step 18/24 : ENV LD_LIBRARY_PATH "/usr/local/Qt-${QT_VER}/lib:${LD_LIBRARY_PATH}"
 ---> Using cache
 ---> 4a4830f35240
Step 19/24 : ENV SIP_VER 4.18
 ---> Using cache
 ---> f1a6b3b38d9e
Step 20/24 : ENV PYQT5_VER 5.6
 ---> Using cache
 ---> 5bc4f94129dc
Step 21/24 : RUN wget http://sourceforge.net/projects/pyqt/files/sip/sip-${SIP_VER}/sip-${SIP_VER}.tar.gz &&     tar -xvf sip-${SIP_VER}.tar.gz &&     cd sip-${SIP_VER} &&     python configure.py &&     make -j${BUILD_THREADS} &&     make install &&     wget http://sourceforge.net/projects/pyqt/files/PyQt5/PyQt-${PYQT5_VER}/PyQt5_gpl-${PYQT5_VER}.tar.gz &&     tar -xvf PyQt5_gpl-${PYQT5_VER}.tar.gz &&     cd PyQt5_gpl-${PYQT5_VER} &&     python configure.py         --confirm-license         --qmake=/usr/local/Qt-${QT_VER}/bin/qmake         --sip=/usr/local/python/bin/sip &&     make -j${BUILD_THREADS} &&     make install &&     cd .. && rm -rf PyQt5_gpl-${PYQT5_VER}
 ---> Using cache
 ---> 90c8f72ed985
Step 22/24 : RUN git clone --recursive --jobs ${BUILD_THREADS} https://github.com/pyside/pyside-setup.git &&     cd pyside-setup &&     python setup.py         install             --qmake=/usr/bin/qmake-qt4             --cmake=/usr/bin/cmake3             --openssl=/usr/bin/openssl             --jobs=${BUILD_THREADS} &&     cd .. && rm -rf pyside-setup
 ---> Using cache
 ---> d847d4b82420
Step 23/24 : ENV PYQT4_VER 4.11.4
 ---> Using cache
 ---> f0dd515733be
Step 24/24 : RUN wget http://sourceforge.net/projects/pyqt/files/PyQt4/PyQt-${PYQT4_VER}/PyQt-x11-gpl-${PYQT4_VER}.tar.gz &&     tar -xvf PyQt-x11-gpl-${PYQT4_VER}.tar.gz &&     cd PyQt-x11-gpl-${PYQT4_VER} &&     python configure.py         --confirm-license         --qmake=/usr/bin/qmake-qt4 &&     make -j${BUILD_THREADS} &&     make install &&     cd .. && rm -rf PyQt-x11-gpl-${PYQT4_VER}
 ---> Using cache
 ---> 765fa1404bff
Successfully built 765fa1404bff
Successfully tagged fredrikaverpil/qtpytest2.7:latest
